<?xml version="1.0" encoding="UTF-8"?>
<!-- Generated by org.testng.reporters.JUnitXMLReporter -->
<testsuite ignored="0" hostname="DESKTOP-F2TGJ1K" failures="0" tests="6" name="ChromeTest" time="20.043" errors="0" timestamp="2021-08-30T19:02:33 IST">
  <testcase classname="test.admintest" name="test_adminpage" time="6.989"/>
  <testcase classname="test.supporttest" name="test_supportpage" time="7.453"/>
  <testcase classname="test.supporttest" name="test_TicketInformation" time="0.529"/>
  <testcase classname="test.admintest" name="test_admindashboard" time="0.102"/>
  <testcase classname="test.supporttest" name="test_Doctorprofieviewing" time="0.243"/>
  <testcase classname="test.admintest" name="test_adminsupport" time="0.969"/>
</testsuite> <!-- ChromeTest -->
