<?xml version="1.0" encoding="UTF-8"?>
<!-- Generated by org.testng.reporters.JUnitXMLReporter -->
<testsuite ignored="0" hostname="DESKTOP-F2TGJ1K" failures="0" tests="6" name="ChromeTest" time="23.774" errors="0" timestamp="2021-08-30T18:45:44 IST">
  <testcase classname="test.admintest" name="test_adminpage" time="10.539"/>
  <testcase classname="test.supporttest" name="test_supportpage" time="7.133"/>
  <testcase classname="test.supporttest" name="test_TicketInformation" time="0.523"/>
  <testcase classname="test.admintest" name="test_admindashboard" time="0.11"/>
  <testcase classname="test.supporttest" name="test_Doctorprofieviewing" time="0.262"/>
  <testcase classname="test.admintest" name="test_adminsupport" time="0.784"/>
</testsuite> <!-- ChromeTest -->
