<?xml version="1.0" encoding="UTF-8"?>
<!-- Generated by org.testng.reporters.JUnitXMLReporter -->
<testsuite ignored="0" hostname="DESKTOP-F2TGJ1K" failures="1" tests="1" name="java" time="0.227" errors="0" timestamp="2021-09-08T12:58:29 IST">
  <testcase classname="utils.SentEmail.EmailSend" name="sendemail" time="0.225">
    <failure type="org.apache.commons.mail.EmailException" message="Cannot attach file &amp;quot;test-output\Reportemail.html&amp;quot;">
      <![CDATA[org.apache.commons.mail.EmailException: Cannot attach file "test-output\Reportemail.html"
at org.apache.commons.mail.MultiPartEmail.attach(MultiPartEmail.java:333)
at utils.SentEmail.EmailSend.sendemail(EmailSend.java:65)
at java.base/java.util.ArrayList.forEach(ArrayList.java:1511)
Caused by: java.io.IOException: "test-output\Reportemail.html" does not exist
at org.apache.commons.mail.MultiPartEmail.attach(MultiPartEmail.java:322)
... 29 more
... Removed 27 stack frames]]>
    </failure>
  </testcase> <!-- sendemail -->
</testsuite> <!-- java -->
