<?xml version="1.0" encoding="UTF-8"?>
<!-- Generated by org.testng.reporters.JUnitXMLReporter -->
<testsuite ignored="0" hostname="DESKTOP-F2TGJ1K" failures="0" tests="8" name="Test" time="38.022" errors="0" timestamp="2021-08-31T11:51:07 IST">
  <testcase classname="test.DoctorLoginTest" name="test_DoctorProfilePage" time="10.211"/>
  <testcase classname="test.DoctorsignupTest" name="test_doctorSignup" time="6.378"/>
  <testcase classname="test.admintest" name="test_adminpage" time="4.253"/>
  <testcase classname="test.supporttest" name="test_supportpage" time="8.741"/>
  <testcase classname="test.supporttest" name="test_TicketInformation" time="1.035"/>
  <testcase classname="test.admintest" name="test_admindashboard" time="0.324"/>
  <testcase classname="test.supporttest" name="test_Doctorprofieviewing" time="0.516"/>
  <testcase classname="test.admintest" name="test_adminsupport" time="0.907"/>
</testsuite> <!-- Test -->
