<?xml version="1.0" encoding="UTF-8"?>
<!-- Generated by org.testng.reporters.JUnitXMLReporter -->
<testsuite hostname="DESKTOP-F2TGJ1K" failures="0" tests="6" name="ChromeTest" time="32.831" errors="0" timestamp="31 Aug 2021 04:50:41 GMT">
  <testcase classname="test.admintest" name="test_adminpage" time="12.618"/>
  <testcase classname="test.supporttest" name="test_supportpage" time="7.669"/>
  <testcase classname="test.admintest" name="test_admindashboard" time="0.219"/>
  <testcase classname="test.supporttest" name="test_TicketInformation" time="1.275"/>
  <testcase classname="test.admintest" name="test_adminsupport" time="4.847"/>
  <testcase classname="test.supporttest" name="test_Doctorprofieviewing" time="0.121"/>
</testsuite> <!-- ChromeTest -->
