<?xml version="1.0" encoding="UTF-8"?>
<!-- Generated by org.testng.reporters.JUnitXMLReporter -->
<testsuite hostname="DESKTOP-F2TGJ1K" failures="0" tests="8" name="Test" time="33.241" errors="0" timestamp="31 Aug 2021 06:29:51 GMT">
  <testcase classname="test.DoctorsignupTest" name="test_doctorSignup" time="5.007"/>
  <testcase classname="test.DoctorLoginTest" name="test_DoctorProfilePage" time="10.743"/>
  <testcase classname="test.admintest" name="test_adminpage" time="3.956"/>
  <testcase classname="test.supporttest" name="test_supportpage" time="4.898"/>
  <testcase classname="test.admintest" name="test_admindashboard" time="0.355"/>
  <testcase classname="test.supporttest" name="test_TicketInformation" time="0.479"/>
  <testcase classname="test.admintest" name="test_adminsupport" time="0.834"/>
  <testcase classname="test.supporttest" name="test_Doctorprofieviewing" time="0.532"/>
</testsuite> <!-- Test -->
