-------------------------------------------------------------------------------
Test set: TestSuite
-------------------------------------------------------------------------------
Tests run: 3, Failures: 1, Errors: 0, Skipped: 2, Time elapsed: 1.184 sec <<< FAILURE! - in TestSuite
initialize(test.PatientLoginTest)  Time elapsed: 0.742 sec  <<< FAILURE!
java.lang.IllegalStateException: The driver executable does not exist: C:\usr\bin\chromedriver

