<?xml version="1.0" encoding="UTF-8"?>
<testng-results total="2" passed="2" failed="0" skipped="0">
  <reporter-output>
  </reporter-output>
  <suite started-at="2021-08-25T04:48:22Z" name="Suite" finished-at="2021-08-25T04:48:49Z" duration-ms="27023">
    <groups>
    </groups>
    <test started-at="2021-08-25T04:48:22Z" name="Test" finished-at="2021-08-25T04:48:49Z" duration-ms="27023">
      <class name="test.DoctorsignupTest">
        <test-method is-config="true" signature="initialize()[pri:0, instance:test.DoctorsignupTest@56dc1551]" started-at="2021-08-25T10:18:22Z" name="initialize" finished-at="2021-08-25T10:18:37Z" duration-ms="15027" status="PASS">
          <reporter-output>
          </reporter-output>
        </test-method> <!-- initialize -->
        <test-method signature="test_doctorSignup()[pri:0, instance:test.DoctorsignupTest@56dc1551]" started-at="2021-08-25T10:18:37Z" name="test_doctorSignup" finished-at="2021-08-25T10:18:38Z" duration-ms="1089" status="PASS">
          <reporter-output>
          </reporter-output>
        </test-method> <!-- test_doctorSignup -->
        <test-method is-config="true" signature="TeardownTest()[pri:0, instance:test.DoctorsignupTest@56dc1551]" started-at="2021-08-25T10:18:38Z" name="TeardownTest" finished-at="2021-08-25T10:18:39Z" duration-ms="971" status="PASS">
          <reporter-output>
          </reporter-output>
        </test-method> <!-- TeardownTest -->
      </class> <!-- test.DoctorsignupTest -->
      <class name="test.DoctorLoginTest">
        <test-method is-config="true" signature="initialize()[pri:0, instance:test.DoctorLoginTest@102cec62]" started-at="2021-08-25T10:18:39Z" name="initialize" finished-at="2021-08-25T10:18:48Z" duration-ms="9137" status="PASS">
          <reporter-output>
          </reporter-output>
        </test-method> <!-- initialize -->
        <test-method signature="test_DoctorProfilePage()[pri:0, instance:test.DoctorLoginTest@102cec62]" started-at="2021-08-25T10:18:48Z" name="test_DoctorProfilePage" finished-at="2021-08-25T10:18:48Z" duration-ms="270" status="PASS">
          <reporter-output>
          </reporter-output>
        </test-method> <!-- test_DoctorProfilePage -->
        <test-method is-config="true" signature="TeardownTest()[pri:0, instance:test.DoctorLoginTest@102cec62]" started-at="2021-08-25T10:18:48Z" name="TeardownTest" finished-at="2021-08-25T10:18:49Z" duration-ms="522" status="PASS">
          <reporter-output>
          </reporter-output>
        </test-method> <!-- TeardownTest -->
      </class> <!-- test.DoctorLoginTest -->
    </test> <!-- Test -->
  </suite> <!-- Suite -->
</testng-results>
