<?xml version="1.0" encoding="UTF-8"?>
<testng-results total="2" passed="2" failed="0" skipped="0">
  <reporter-output>
  </reporter-output>
  <suite started-at="2021-08-24T12:01:06Z" name="Suite" finished-at="2021-08-24T12:01:24Z" duration-ms="17974">
    <groups>
    </groups>
    <test started-at="2021-08-24T12:01:06Z" name="Test" finished-at="2021-08-24T12:01:24Z" duration-ms="17974">
      <class name="test.DoctorsignupTest">
        <test-method is-config="true" signature="initialize()[pri:0, instance:test.DoctorsignupTest@3eb91815]" started-at="2021-08-24T17:31:15Z" name="initialize" finished-at="2021-08-24T17:31:23Z" duration-ms="8178" status="PASS">
          <reporter-output>
          </reporter-output>
        </test-method> <!-- initialize -->
        <test-method signature="test_doctorSignup()[pri:0, instance:test.DoctorsignupTest@3eb91815]" started-at="2021-08-24T17:31:23Z" name="test_doctorSignup" finished-at="2021-08-24T17:31:24Z" duration-ms="408" status="PASS">
          <reporter-output>
          </reporter-output>
        </test-method> <!-- test_doctorSignup -->
        <test-method is-config="true" signature="TeardownTest()[pri:0, instance:test.DoctorsignupTest@3eb91815]" started-at="2021-08-24T17:31:24Z" name="TeardownTest" finished-at="2021-08-24T17:31:24Z" duration-ms="285" status="PASS">
          <reporter-output>
          </reporter-output>
        </test-method> <!-- TeardownTest -->
      </class> <!-- test.DoctorsignupTest -->
      <class name="test.DoctorLoginTest">
        <test-method is-config="true" signature="initialize()[pri:0, instance:test.DoctorLoginTest@5e17553a]" started-at="2021-08-24T17:31:06Z" name="initialize" finished-at="2021-08-24T17:31:14Z" duration-ms="8388" status="PASS">
          <reporter-output>
          </reporter-output>
        </test-method> <!-- initialize -->
        <test-method signature="test_DoctorProfilePage()[pri:0, instance:test.DoctorLoginTest@5e17553a]" started-at="2021-08-24T17:31:14Z" name="test_DoctorProfilePage" finished-at="2021-08-24T17:31:15Z" duration-ms="234" status="PASS">
          <reporter-output>
          </reporter-output>
        </test-method> <!-- test_DoctorProfilePage -->
        <test-method is-config="true" signature="TeardownTest()[pri:0, instance:test.DoctorLoginTest@5e17553a]" started-at="2021-08-24T17:31:15Z" name="TeardownTest" finished-at="2021-08-24T17:31:15Z" duration-ms="470" status="PASS">
          <reporter-output>
          </reporter-output>
        </test-method> <!-- TeardownTest -->
      </class> <!-- test.DoctorLoginTest -->
    </test> <!-- Test -->
  </suite> <!-- Suite -->
</testng-results>
