<?xml version="1.0" encoding="UTF-8"?>
<testng-results total="8" passed="8" failed="0" skipped="0">
  <reporter-output>
    <line>
      <![CDATA[<a target="_blank" href="C:\Users\Codet\eclipse-workspace\BrontoDoctor\screenshots\screenshot2.png">Screenshot2</a>]]>
    </line>
    <line>
      <![CDATA[<img src="C:\Users\Codet\eclipse-workspace\BrontoDoctor\screenshots\screenshot2.png"/>]]>
    </line>
    <line>
      <![CDATA[<a target="_blank" href="C:\Users\Codet\eclipse-workspace\BrontoDoctor\screenshots\screenshot1.png">Screenshot1</a>]]>
    </line>
    <line>
      <![CDATA[<img src="C:\Users\Codet\eclipse-workspace\BrontoDoctor\screenshots\screenshot1.png"/>]]>
    </line>
    <line>
      <![CDATA[<a target="_blank" href="C:\Users\Codet\eclipse-workspace\BrontoDoctor\screenshots\screenshot3.png">Screenshot3</a>]]>
    </line>
    <line>
      <![CDATA[<img src="C:\Users\Codet\eclipse-workspace\BrontoDoctor\screenshots\screenshot3.png"/>]]>
    </line>
    <line>
      <![CDATA[<a target="_blank" href="C:\Users\Codet\eclipse-workspace\BrontoDoctor\screenshots\screenshot6.png">Screenshot6</a>]]>
    </line>
    <line>
      <![CDATA[<img src="C:\Users\Codet\eclipse-workspace\BrontoDoctor\screenshots\screenshot6.png"/>]]>
    </line>
    <line>
      <![CDATA[<a target="_blank" href="C:\Users\Codet\eclipse-workspace\BrontoDoctor\screenshots\screenshot4.png">Screenshot4</a>]]>
    </line>
    <line>
      <![CDATA[<img src="C:\Users\Codet\eclipse-workspace\BrontoDoctor\screenshots\screenshot4.png"/>]]>
    </line>
    <line>
      <![CDATA[<a target="_blank" href="C:\Users\Codet\eclipse-workspace\BrontoDoctor\screenshots\screenshot7.png">Screenshot7</a>]]>
    </line>
    <line>
      <![CDATA[<img src="C:\Users\Codet\eclipse-workspace\BrontoDoctor\screenshots\screenshot7.png"/>]]>
    </line>
    <line>
      <![CDATA[<a target="_blank" href="C:\Users\Codet\eclipse-workspace\BrontoDoctor\screenshots\screenshot5.png">Screenshot5</a>]]>
    </line>
    <line>
      <![CDATA[<img src="C:\Users\Codet\eclipse-workspace\BrontoDoctor\screenshots\screenshot5.png"/>]]>
    </line>
    <line>
      <![CDATA[<a target="_blank" href="C:\Users\Codet\eclipse-workspace\BrontoDoctor\screenshots\screenshot8.png">Screenshot8</a>]]>
    </line>
    <line>
      <![CDATA[<img src="C:\Users\Codet\eclipse-workspace\BrontoDoctor\screenshots\screenshot8.png"/>]]>
    </line>
  </reporter-output>
  <suite started-at="2021-08-31T07:54:29Z" name="Suite" finished-at="2021-08-31T07:55:02Z" duration-ms="33578">
    <groups>
    </groups>
    <test started-at="2021-08-31T07:54:29Z" name="Test" finished-at="2021-08-31T07:55:02Z" duration-ms="33578">
      <class name="test.DoctorsignupTest">
        <test-method is-config="true" signature="initialize()[pri:0, instance:test.DoctorsignupTest@73302995]" started-at="2021-08-31T13:24:29Z" name="initialize" finished-at="2021-08-31T13:24:30Z" duration-ms="1440" status="PASS">
          <reporter-output>
          </reporter-output>
        </test-method> <!-- initialize -->
        <test-method signature="test_doctorSignup()[pri:0, instance:test.DoctorsignupTest@73302995]" started-at="2021-08-31T13:24:30Z" name="test_doctorSignup" finished-at="2021-08-31T13:24:38Z" duration-ms="7410" status="PASS">
          <reporter-output>
            <line>
              <![CDATA[<a target="_blank" href="C:\Users\Codet\eclipse-workspace\BrontoDoctor\screenshots\screenshot2.png">Screenshot2</a>]]>
            </line>
            <line>
              <![CDATA[<img src="C:\Users\Codet\eclipse-workspace\BrontoDoctor\screenshots\screenshot2.png"/>]]>
            </line>
          </reporter-output>
        </test-method> <!-- test_doctorSignup -->
        <test-method is-config="true" signature="TeardownTest()[pri:0, instance:test.DoctorsignupTest@73302995]" started-at="2021-08-31T13:24:38Z" name="TeardownTest" finished-at="2021-08-31T13:24:38Z" duration-ms="185" status="PASS">
          <reporter-output>
          </reporter-output>
        </test-method> <!-- TeardownTest -->
      </class> <!-- test.DoctorsignupTest -->
      <class name="test.DoctorLoginTest">
        <test-method is-config="true" signature="initialize()[pri:0, instance:test.DoctorLoginTest@3f57bcad]" started-at="2021-08-31T13:24:38Z" name="initialize" finished-at="2021-08-31T13:24:39Z" duration-ms="1406" status="PASS">
          <reporter-output>
          </reporter-output>
        </test-method> <!-- initialize -->
        <test-method signature="test_DoctorProfilePage()[pri:0, instance:test.DoctorLoginTest@3f57bcad]" started-at="2021-08-31T13:24:39Z" name="test_DoctorProfilePage" finished-at="2021-08-31T13:24:44Z" duration-ms="4870" status="PASS">
          <reporter-output>
            <line>
              <![CDATA[<a target="_blank" href="C:\Users\Codet\eclipse-workspace\BrontoDoctor\screenshots\screenshot1.png">Screenshot1</a>]]>
            </line>
            <line>
              <![CDATA[<img src="C:\Users\Codet\eclipse-workspace\BrontoDoctor\screenshots\screenshot1.png"/>]]>
            </line>
          </reporter-output>
        </test-method> <!-- test_DoctorProfilePage -->
        <test-method is-config="true" signature="TeardownTest()[pri:0, instance:test.DoctorLoginTest@3f57bcad]" started-at="2021-08-31T13:24:44Z" name="TeardownTest" finished-at="2021-08-31T13:24:44Z" duration-ms="180" status="PASS">
          <reporter-output>
          </reporter-output>
        </test-method> <!-- TeardownTest -->
      </class> <!-- test.DoctorLoginTest -->
      <class name="test.admintest">
        <test-method is-config="true" signature="initialize()[pri:0, instance:test.admintest@50de186c]" started-at="2021-08-31T13:24:44Z" name="initialize" finished-at="2021-08-31T13:24:46Z" duration-ms="1315" status="PASS">
          <reporter-output>
          </reporter-output>
        </test-method> <!-- initialize -->
        <test-method signature="test_adminpage()[pri:0, instance:test.admintest@50de186c]" started-at="2021-08-31T13:24:46Z" name="test_adminpage" finished-at="2021-08-31T13:24:51Z" duration-ms="5460" status="PASS">
          <reporter-output>
            <line>
              <![CDATA[<a target="_blank" href="C:\Users\Codet\eclipse-workspace\BrontoDoctor\screenshots\screenshot3.png">Screenshot3</a>]]>
            </line>
            <line>
              <![CDATA[<img src="C:\Users\Codet\eclipse-workspace\BrontoDoctor\screenshots\screenshot3.png"/>]]>
            </line>
          </reporter-output>
        </test-method> <!-- test_adminpage -->
        <test-method signature="test_admindashboard()[pri:0, instance:test.admintest@50de186c]" started-at="2021-08-31T13:24:58Z" name="test_admindashboard" finished-at="2021-08-31T13:24:58Z" duration-ms="493" status="PASS">
          <reporter-output>
            <line>
              <![CDATA[<a target="_blank" href="C:\Users\Codet\eclipse-workspace\BrontoDoctor\screenshots\screenshot4.png">Screenshot4</a>]]>
            </line>
            <line>
              <![CDATA[<img src="C:\Users\Codet\eclipse-workspace\BrontoDoctor\screenshots\screenshot4.png"/>]]>
            </line>
          </reporter-output>
        </test-method> <!-- test_admindashboard -->
        <test-method signature="test_adminsupport()[pri:0, instance:test.admintest@50de186c]" started-at="2021-08-31T13:24:59Z" name="test_adminsupport" finished-at="2021-08-31T13:25:00Z" duration-ms="1009" status="PASS">
          <reporter-output>
            <line>
              <![CDATA[<a target="_blank" href="C:\Users\Codet\eclipse-workspace\BrontoDoctor\screenshots\screenshot5.png">Screenshot5</a>]]>
            </line>
            <line>
              <![CDATA[<img src="C:\Users\Codet\eclipse-workspace\BrontoDoctor\screenshots\screenshot5.png"/>]]>
            </line>
          </reporter-output>
        </test-method> <!-- test_adminsupport -->
        <test-method is-config="true" signature="TeardownTest()[pri:0, instance:test.admintest@50de186c]" started-at="2021-08-31T13:25:00Z" name="TeardownTest" finished-at="2021-08-31T13:25:01Z" duration-ms="609" status="PASS">
          <reporter-output>
          </reporter-output>
        </test-method> <!-- TeardownTest -->
      </class> <!-- test.admintest -->
      <class name="test.supporttest">
        <test-method is-config="true" signature="initialize()[pri:0, instance:test.supporttest@71e9ebae]" started-at="2021-08-31T13:24:51Z" name="initialize" finished-at="2021-08-31T13:24:52Z" duration-ms="1247" status="PASS">
          <reporter-output>
          </reporter-output>
        </test-method> <!-- initialize -->
        <test-method signature="test_supportpage()[pri:0, instance:test.supporttest@71e9ebae]" started-at="2021-08-31T13:24:52Z" name="test_supportpage" finished-at="2021-08-31T13:24:58Z" duration-ms="5579" status="PASS">
          <reporter-output>
            <line>
              <![CDATA[<a target="_blank" href="C:\Users\Codet\eclipse-workspace\BrontoDoctor\screenshots\screenshot6.png">Screenshot6</a>]]>
            </line>
            <line>
              <![CDATA[<img src="C:\Users\Codet\eclipse-workspace\BrontoDoctor\screenshots\screenshot6.png"/>]]>
            </line>
          </reporter-output>
        </test-method> <!-- test_supportpage -->
        <test-method signature="test_TicketInformation()[pri:0, instance:test.supporttest@71e9ebae]" started-at="2021-08-31T13:24:58Z" name="test_TicketInformation" finished-at="2021-08-31T13:24:59Z" duration-ms="1121" status="PASS">
          <reporter-output>
            <line>
              <![CDATA[<a target="_blank" href="C:\Users\Codet\eclipse-workspace\BrontoDoctor\screenshots\screenshot7.png">Screenshot7</a>]]>
            </line>
            <line>
              <![CDATA[<img src="C:\Users\Codet\eclipse-workspace\BrontoDoctor\screenshots\screenshot7.png"/>]]>
            </line>
          </reporter-output>
        </test-method> <!-- test_TicketInformation -->
        <test-method signature="test_Doctorprofieviewing()[pri:0, instance:test.supporttest@71e9ebae]" started-at="2021-08-31T13:25:01Z" name="test_Doctorprofieviewing" finished-at="2021-08-31T13:25:02Z" duration-ms="603" status="PASS">
          <reporter-output>
            <line>
              <![CDATA[<a target="_blank" href="C:\Users\Codet\eclipse-workspace\BrontoDoctor\screenshots\screenshot8.png">Screenshot8</a>]]>
            </line>
            <line>
              <![CDATA[<img src="C:\Users\Codet\eclipse-workspace\BrontoDoctor\screenshots\screenshot8.png"/>]]>
            </line>
          </reporter-output>
        </test-method> <!-- test_Doctorprofieviewing -->
        <test-method is-config="true" signature="TeardownTest()[pri:0, instance:test.supporttest@71e9ebae]" started-at="2021-08-31T13:25:02Z" name="TeardownTest" finished-at="2021-08-31T13:25:02Z" duration-ms="640" status="PASS">
          <reporter-output>
          </reporter-output>
        </test-method> <!-- TeardownTest -->
      </class> <!-- test.supporttest -->
    </test> <!-- Test -->
  </suite> <!-- Suite -->
</testng-results>
