<?xml version="1.0" encoding="UTF-8"?>
<testng-results total="8" passed="8" failed="0" skipped="0">
  <reporter-output>
    <line>
      <![CDATA[<a target="_blank" href="C:\Users\Codet\eclipse-workspace\BrontoDoctor\screenshots\screenshot2.png">Screenshot2</a>]]>
    </line>
    <line>
      <![CDATA[<img src="C:\Users\Codet\eclipse-workspace\BrontoDoctor\screenshots\screenshot2.png"/>]]>
    </line>
    <line>
      <![CDATA[<a target="_blank" href="C:\Users\Codet\eclipse-workspace\BrontoDoctor\screenshots\screenshot1.png">Screenshot1</a>]]>
    </line>
    <line>
      <![CDATA[<img src="C:\Users\Codet\eclipse-workspace\BrontoDoctor\screenshots\screenshot1.png"/>]]>
    </line>
    <line>
      <![CDATA[<a target="_blank" href="C:\Users\Codet\eclipse-workspace\BrontoDoctor\screenshots\screenshot3.png">Screenshot3</a>]]>
    </line>
    <line>
      <![CDATA[<img src="C:\Users\Codet\eclipse-workspace\BrontoDoctor\screenshots\screenshot3.png"/>]]>
    </line>
    <line>
      <![CDATA[<a target="_blank" href="C:\Users\Codet\eclipse-workspace\BrontoDoctor\screenshots\screenshot6.png">Screenshot6</a>]]>
    </line>
    <line>
      <![CDATA[<img src="C:\Users\Codet\eclipse-workspace\BrontoDoctor\screenshots\screenshot6.png"/>]]>
    </line>
    <line>
      <![CDATA[<a target="_blank" href="C:\Users\Codet\eclipse-workspace\BrontoDoctor\screenshots\screenshot4.png">Screenshot4</a>]]>
    </line>
    <line>
      <![CDATA[<img src="C:\Users\Codet\eclipse-workspace\BrontoDoctor\screenshots\screenshot4.png"/>]]>
    </line>
    <line>
      <![CDATA[<a target="_blank" href="C:\Users\Codet\eclipse-workspace\BrontoDoctor\screenshots\screenshot7.png">Screenshot7</a>]]>
    </line>
    <line>
      <![CDATA[<img src="C:\Users\Codet\eclipse-workspace\BrontoDoctor\screenshots\screenshot7.png"/>]]>
    </line>
    <line>
      <![CDATA[<a target="_blank" href="C:\Users\Codet\eclipse-workspace\BrontoDoctor\screenshots\screenshot5.png">Screenshot5</a>]]>
    </line>
    <line>
      <![CDATA[<img src="C:\Users\Codet\eclipse-workspace\BrontoDoctor\screenshots\screenshot5.png"/>]]>
    </line>
    <line>
      <![CDATA[<a target="_blank" href="C:\Users\Codet\eclipse-workspace\BrontoDoctor\screenshots\screenshot8.png">Screenshot8</a>]]>
    </line>
    <line>
      <![CDATA[<img src="C:\Users\Codet\eclipse-workspace\BrontoDoctor\screenshots\screenshot8.png"/>]]>
    </line>
  </reporter-output>
  <suite started-at="2021-08-31T06:29:18Z" name="Suite" finished-at="2021-08-31T06:29:51Z" duration-ms="33241">
    <groups>
    </groups>
    <test started-at="2021-08-31T06:29:18Z" name="Test" finished-at="2021-08-31T06:29:51Z" duration-ms="33241">
      <class name="test.DoctorsignupTest">
        <test-method is-config="true" signature="initialize()[pri:0, instance:test.DoctorsignupTest@3daf7722]" started-at="2021-08-31T11:59:18Z" name="initialize" finished-at="2021-08-31T11:59:20Z" duration-ms="1881" status="PASS">
          <reporter-output>
          </reporter-output>
        </test-method> <!-- initialize -->
        <test-method signature="test_doctorSignup()[pri:0, instance:test.DoctorsignupTest@3daf7722]" started-at="2021-08-31T11:59:20Z" name="test_doctorSignup" finished-at="2021-08-31T11:59:25Z" duration-ms="5007" status="PASS">
          <reporter-output>
            <line>
              <![CDATA[<a target="_blank" href="C:\Users\Codet\eclipse-workspace\BrontoDoctor\screenshots\screenshot2.png">Screenshot2</a>]]>
            </line>
            <line>
              <![CDATA[<img src="C:\Users\Codet\eclipse-workspace\BrontoDoctor\screenshots\screenshot2.png"/>]]>
            </line>
          </reporter-output>
        </test-method> <!-- test_doctorSignup -->
        <test-method is-config="true" signature="TeardownTest()[pri:0, instance:test.DoctorsignupTest@3daf7722]" started-at="2021-08-31T11:59:25Z" name="TeardownTest" finished-at="2021-08-31T11:59:25Z" duration-ms="162" status="PASS">
          <reporter-output>
          </reporter-output>
        </test-method> <!-- TeardownTest -->
      </class> <!-- test.DoctorsignupTest -->
      <class name="test.DoctorLoginTest">
        <test-method is-config="true" signature="initialize()[pri:0, instance:test.DoctorLoginTest@4ae9cfc1]" started-at="2021-08-31T11:59:25Z" name="initialize" finished-at="2021-08-31T11:59:26Z" duration-ms="1097" status="PASS">
          <reporter-output>
          </reporter-output>
        </test-method> <!-- initialize -->
        <test-method signature="test_DoctorProfilePage()[pri:0, instance:test.DoctorLoginTest@4ae9cfc1]" started-at="2021-08-31T11:59:26Z" name="test_DoctorProfilePage" finished-at="2021-08-31T11:59:37Z" duration-ms="10743" status="PASS">
          <reporter-output>
            <line>
              <![CDATA[<a target="_blank" href="C:\Users\Codet\eclipse-workspace\BrontoDoctor\screenshots\screenshot1.png">Screenshot1</a>]]>
            </line>
            <line>
              <![CDATA[<img src="C:\Users\Codet\eclipse-workspace\BrontoDoctor\screenshots\screenshot1.png"/>]]>
            </line>
          </reporter-output>
        </test-method> <!-- test_DoctorProfilePage -->
        <test-method is-config="true" signature="TeardownTest()[pri:0, instance:test.DoctorLoginTest@4ae9cfc1]" started-at="2021-08-31T11:59:37Z" name="TeardownTest" finished-at="2021-08-31T11:59:37Z" duration-ms="210" status="PASS">
          <reporter-output>
          </reporter-output>
        </test-method> <!-- TeardownTest -->
      </class> <!-- test.DoctorLoginTest -->
      <class name="test.admintest">
        <test-method is-config="true" signature="initialize()[pri:0, instance:test.admintest@512baff6]" started-at="2021-08-31T11:59:37Z" name="initialize" finished-at="2021-08-31T11:59:38Z" duration-ms="943" status="PASS">
          <reporter-output>
          </reporter-output>
        </test-method> <!-- initialize -->
        <test-method signature="test_adminpage()[pri:0, instance:test.admintest@512baff6]" started-at="2021-08-31T11:59:38Z" name="test_adminpage" finished-at="2021-08-31T11:59:42Z" duration-ms="3956" status="PASS">
          <reporter-output>
            <line>
              <![CDATA[<a target="_blank" href="C:\Users\Codet\eclipse-workspace\BrontoDoctor\screenshots\screenshot3.png">Screenshot3</a>]]>
            </line>
            <line>
              <![CDATA[<img src="C:\Users\Codet\eclipse-workspace\BrontoDoctor\screenshots\screenshot3.png"/>]]>
            </line>
          </reporter-output>
        </test-method> <!-- test_adminpage -->
        <test-method signature="test_admindashboard()[pri:0, instance:test.admintest@512baff6]" started-at="2021-08-31T11:59:49Z" name="test_admindashboard" finished-at="2021-08-31T11:59:49Z" duration-ms="355" status="PASS">
          <reporter-output>
            <line>
              <![CDATA[<a target="_blank" href="C:\Users\Codet\eclipse-workspace\BrontoDoctor\screenshots\screenshot4.png">Screenshot4</a>]]>
            </line>
            <line>
              <![CDATA[<img src="C:\Users\Codet\eclipse-workspace\BrontoDoctor\screenshots\screenshot4.png"/>]]>
            </line>
          </reporter-output>
        </test-method> <!-- test_admindashboard -->
        <test-method signature="test_adminsupport()[pri:0, instance:test.admintest@512baff6]" started-at="2021-08-31T11:59:50Z" name="test_adminsupport" finished-at="2021-08-31T11:59:50Z" duration-ms="834" status="PASS">
          <reporter-output>
            <line>
              <![CDATA[<a target="_blank" href="C:\Users\Codet\eclipse-workspace\BrontoDoctor\screenshots\screenshot5.png">Screenshot5</a>]]>
            </line>
            <line>
              <![CDATA[<img src="C:\Users\Codet\eclipse-workspace\BrontoDoctor\screenshots\screenshot5.png"/>]]>
            </line>
          </reporter-output>
        </test-method> <!-- test_adminsupport -->
        <test-method is-config="true" signature="TeardownTest()[pri:0, instance:test.admintest@512baff6]" started-at="2021-08-31T11:59:50Z" name="TeardownTest" finished-at="2021-08-31T11:59:51Z" duration-ms="213" status="PASS">
          <reporter-output>
          </reporter-output>
        </test-method> <!-- TeardownTest -->
      </class> <!-- test.admintest -->
      <class name="test.supporttest">
        <test-method is-config="true" signature="initialize()[pri:0, instance:test.supporttest@1800a575]" started-at="2021-08-31T11:59:42Z" name="initialize" finished-at="2021-08-31T11:59:44Z" duration-ms="1699" status="PASS">
          <reporter-output>
          </reporter-output>
        </test-method> <!-- initialize -->
        <test-method signature="test_supportpage()[pri:0, instance:test.supporttest@1800a575]" started-at="2021-08-31T11:59:44Z" name="test_supportpage" finished-at="2021-08-31T11:59:49Z" duration-ms="4898" status="PASS">
          <reporter-output>
            <line>
              <![CDATA[<a target="_blank" href="C:\Users\Codet\eclipse-workspace\BrontoDoctor\screenshots\screenshot6.png">Screenshot6</a>]]>
            </line>
            <line>
              <![CDATA[<img src="C:\Users\Codet\eclipse-workspace\BrontoDoctor\screenshots\screenshot6.png"/>]]>
            </line>
          </reporter-output>
        </test-method> <!-- test_supportpage -->
        <test-method signature="test_TicketInformation()[pri:0, instance:test.supporttest@1800a575]" started-at="2021-08-31T11:59:49Z" name="test_TicketInformation" finished-at="2021-08-31T11:59:50Z" duration-ms="479" status="PASS">
          <reporter-output>
            <line>
              <![CDATA[<a target="_blank" href="C:\Users\Codet\eclipse-workspace\BrontoDoctor\screenshots\screenshot7.png">Screenshot7</a>]]>
            </line>
            <line>
              <![CDATA[<img src="C:\Users\Codet\eclipse-workspace\BrontoDoctor\screenshots\screenshot7.png"/>]]>
            </line>
          </reporter-output>
        </test-method> <!-- test_TicketInformation -->
        <test-method signature="test_Doctorprofieviewing()[pri:0, instance:test.supporttest@1800a575]" started-at="2021-08-31T11:59:51Z" name="test_Doctorprofieviewing" finished-at="2021-08-31T11:59:51Z" duration-ms="532" status="PASS">
          <reporter-output>
            <line>
              <![CDATA[<a target="_blank" href="C:\Users\Codet\eclipse-workspace\BrontoDoctor\screenshots\screenshot8.png">Screenshot8</a>]]>
            </line>
            <line>
              <![CDATA[<img src="C:\Users\Codet\eclipse-workspace\BrontoDoctor\screenshots\screenshot8.png"/>]]>
            </line>
          </reporter-output>
        </test-method> <!-- test_Doctorprofieviewing -->
        <test-method is-config="true" signature="TeardownTest()[pri:0, instance:test.supporttest@1800a575]" started-at="2021-08-31T11:59:51Z" name="TeardownTest" finished-at="2021-08-31T11:59:51Z" duration-ms="223" status="PASS">
          <reporter-output>
          </reporter-output>
        </test-method> <!-- TeardownTest -->
      </class> <!-- test.supporttest -->
    </test> <!-- Test -->
  </suite> <!-- Suite -->
</testng-results>
