<?xml version="1.0" encoding="UTF-8"?>
<testsuite xmlns:xsi="http://www.w3.org/2001/XMLSchema-instance" xsi:noNamespaceSchemaLocation="https://maven.apache.org/surefire/maven-surefire-plugin/xsd/surefire-test-report.xsd" name="TestSuite" time="34.265" tests="8" errors="0" skipped="0" failures="0">
  <properties>
[...]
</properties>
  <testcase name="test_doctorSignup" classname="test.DoctorsignupTest" time="5.008"/>
  <testcase name="test_DoctorProfilePage" classname="test.DoctorLoginTest" time="10.742"/>
  <testcase name="test_adminpage" classname="test.admintest" time="3.956"/>
  <testcase name="test_supportpage" classname="test.supporttest" time="4.899"/>
  <testcase name="test_admindashboard" classname="test.admintest" time="0.354"/>
  <testcase name="test_TicketInformation" classname="test.supporttest" time="0.48"/>
  <testcase name="test_adminsupport" classname="test.admintest" time="0.834"/>
  <testcase name="test_Doctorprofieviewing" classname="test.supporttest" time="0.533"/>
</testsuite>