<?xml version="1.0" encoding="UTF-8"?>
<testng-results ignored="0" total="2" passed="2" failed="0" skipped="0">
  <reporter-output>
  </reporter-output>
  <suite started-at="2021-09-08T12:32:48 IST" name="Suite" finished-at="2021-09-08T12:33:04 IST" duration-ms="16344">
    <groups>
    </groups>
    <test started-at="2021-09-08T12:32:48 IST" name="Test" finished-at="2021-09-08T12:32:59 IST" duration-ms="11327">
      <class name="test.PatientLoginTest">
        <test-method is-config="true" signature="initialize()[pri:0, instance:test.PatientLoginTest@231f98ef]" started-at="2021-09-08T12:32:48 IST" name="initialize" finished-at="2021-09-08T12:32:51 IST" duration-ms="2404" status="PASS">
          <reporter-output>
          </reporter-output>
        </test-method> <!-- initialize -->
        <test-method signature="loginTest()[pri:1, instance:test.PatientLoginTest@231f98ef]" started-at="2021-09-08T12:32:51 IST" name="loginTest" finished-at="2021-09-08T12:32:59 IST" duration-ms="8896" status="PASS">
          <reporter-output>
          </reporter-output>
        </test-method> <!-- loginTest -->
        <test-method is-config="true" signature="TeardownTest()[pri:0, instance:test.PatientLoginTest@231f98ef]" started-at="2021-09-08T12:32:59 IST" name="TeardownTest" finished-at="2021-09-08T12:32:59 IST" duration-ms="1" status="PASS">
          <reporter-output>
          </reporter-output>
        </test-method> <!-- TeardownTest -->
      </class> <!-- test.PatientLoginTest -->
    </test> <!-- Test -->
    <test started-at="2021-09-08T12:32:59 IST" name="java" finished-at="2021-09-08T12:33:04 IST" duration-ms="4998">
      <class name="utils.SentEmail.EmailSend">
        <test-method signature="sendemail()[pri:1, instance:utils.SentEmail.EmailSend@6f01b95f]" started-at="2021-09-08T12:32:59 IST" name="sendemail" finished-at="2021-09-08T12:33:04 IST" duration-ms="4997" status="PASS">
          <reporter-output>
          </reporter-output>
        </test-method> <!-- sendemail -->
      </class> <!-- utils.SentEmail.EmailSend -->
    </test> <!-- java -->
  </suite> <!-- Suite -->
</testng-results>
