<?xml version="1.0" encoding="UTF-8"?>
<testng-results ignored="0" total="8" passed="8" failed="0" skipped="0">
  <reporter-output>
    <line>
      <![CDATA[<a target="_blank" href="C:\Users\Codet\eclipse-workspace\BrontoDoctor\screenshots\screenshot1.png">Screenshot1</a>]]>
    </line>
    <line>
      <![CDATA[<img src="C:\Users\Codet\eclipse-workspace\BrontoDoctor\screenshots\screenshot1.png"/>]]>
    </line>
    <line>
      <![CDATA[<a target="_blank" href="C:\Users\Codet\eclipse-workspace\BrontoDoctor\screenshots\screenshot2.png">Screenshot2</a>]]>
    </line>
    <line>
      <![CDATA[<img src="C:\Users\Codet\eclipse-workspace\BrontoDoctor\screenshots\screenshot2.png"/>]]>
    </line>
    <line>
      <![CDATA[<a target="_blank" href="C:\Users\Codet\eclipse-workspace\BrontoDoctor\screenshots\screenshot3.png">Screenshot3</a>]]>
    </line>
    <line>
      <![CDATA[<img src="C:\Users\Codet\eclipse-workspace\BrontoDoctor\screenshots\screenshot3.png"/>]]>
    </line>
    <line>
      <![CDATA[<a target="_blank" href="C:\Users\Codet\eclipse-workspace\BrontoDoctor\screenshots\screenshot6.png">Screenshot6</a>]]>
    </line>
    <line>
      <![CDATA[<img src="C:\Users\Codet\eclipse-workspace\BrontoDoctor\screenshots\screenshot6.png"/>]]>
    </line>
    <line>
      <![CDATA[<a target="_blank" href="C:\Users\Codet\eclipse-workspace\BrontoDoctor\screenshots\screenshot7.png">Screenshot7</a>]]>
    </line>
    <line>
      <![CDATA[<img src="C:\Users\Codet\eclipse-workspace\BrontoDoctor\screenshots\screenshot7.png"/>]]>
    </line>
    <line>
      <![CDATA[<a target="_blank" href="C:\Users\Codet\eclipse-workspace\BrontoDoctor\screenshots\screenshot4.png">Screenshot4</a>]]>
    </line>
    <line>
      <![CDATA[<img src="C:\Users\Codet\eclipse-workspace\BrontoDoctor\screenshots\screenshot4.png"/>]]>
    </line>
    <line>
      <![CDATA[<a target="_blank" href="C:\Users\Codet\eclipse-workspace\BrontoDoctor\screenshots\screenshot8.png">Screenshot8</a>]]>
    </line>
    <line>
      <![CDATA[<img src="C:\Users\Codet\eclipse-workspace\BrontoDoctor\screenshots\screenshot8.png"/>]]>
    </line>
    <line>
      <![CDATA[<a target="_blank" href="C:\Users\Codet\eclipse-workspace\BrontoDoctor\screenshots\screenshot5.png">Screenshot5</a>]]>
    </line>
    <line>
      <![CDATA[<img src="C:\Users\Codet\eclipse-workspace\BrontoDoctor\screenshots\screenshot5.png"/>]]>
    </line>
  </reporter-output>
  <suite started-at="2021-08-31T11:50:29 IST" name="Suite" finished-at="2021-08-31T11:51:07 IST" duration-ms="38022">
    <groups>
    </groups>
    <test started-at="2021-08-31T11:50:29 IST" name="Test" finished-at="2021-08-31T11:51:07 IST" duration-ms="38022">
      <class name="test.DoctorsignupTest">
        <test-method is-config="true" signature="initialize()[pri:0, instance:test.DoctorsignupTest@70ed52de]" started-at="2021-08-31T11:50:41 IST" name="initialize" finished-at="2021-08-31T11:50:42 IST" duration-ms="914" status="PASS">
          <reporter-output>
          </reporter-output>
        </test-method> <!-- initialize -->
        <test-method signature="test_doctorSignup()[pri:0, instance:test.DoctorsignupTest@70ed52de]" started-at="2021-08-31T11:50:42 IST" name="test_doctorSignup" finished-at="2021-08-31T11:50:48 IST" duration-ms="6378" status="PASS">
          <reporter-output>
            <line>
              <![CDATA[<a target="_blank" href="C:\Users\Codet\eclipse-workspace\BrontoDoctor\screenshots\screenshot2.png">Screenshot2</a>]]>
            </line>
            <line>
              <![CDATA[<img src="C:\Users\Codet\eclipse-workspace\BrontoDoctor\screenshots\screenshot2.png"/>]]>
            </line>
          </reporter-output>
        </test-method> <!-- test_doctorSignup -->
        <test-method is-config="true" signature="TeardownTest()[pri:0, instance:test.DoctorsignupTest@70ed52de]" started-at="2021-08-31T11:50:48 IST" name="TeardownTest" finished-at="2021-08-31T11:50:49 IST" duration-ms="190" status="PASS">
          <reporter-output>
          </reporter-output>
        </test-method> <!-- TeardownTest -->
      </class> <!-- test.DoctorsignupTest -->
      <class name="test.DoctorLoginTest">
        <test-method is-config="true" signature="initialize()[pri:0, instance:test.DoctorLoginTest@496bc455]" started-at="2021-08-31T11:50:29 IST" name="initialize" finished-at="2021-08-31T11:50:31 IST" duration-ms="1359" status="PASS">
          <reporter-output>
          </reporter-output>
        </test-method> <!-- initialize -->
        <test-method signature="test_DoctorProfilePage()[pri:0, instance:test.DoctorLoginTest@496bc455]" started-at="2021-08-31T11:50:31 IST" name="test_DoctorProfilePage" finished-at="2021-08-31T11:50:41 IST" duration-ms="10211" status="PASS">
          <reporter-output>
            <line>
              <![CDATA[<a target="_blank" href="C:\Users\Codet\eclipse-workspace\BrontoDoctor\screenshots\screenshot1.png">Screenshot1</a>]]>
            </line>
            <line>
              <![CDATA[<img src="C:\Users\Codet\eclipse-workspace\BrontoDoctor\screenshots\screenshot1.png"/>]]>
            </line>
          </reporter-output>
        </test-method> <!-- test_DoctorProfilePage -->
        <test-method is-config="true" signature="TeardownTest()[pri:0, instance:test.DoctorLoginTest@496bc455]" started-at="2021-08-31T11:50:41 IST" name="TeardownTest" finished-at="2021-08-31T11:50:41 IST" duration-ms="256" status="PASS">
          <reporter-output>
          </reporter-output>
        </test-method> <!-- TeardownTest -->
      </class> <!-- test.DoctorLoginTest -->
      <class name="test.admintest">
        <test-method is-config="true" signature="initialize()[pri:0, instance:test.admintest@59402b8f]" started-at="2021-08-31T11:50:49 IST" name="initialize" finished-at="2021-08-31T11:50:49 IST" duration-ms="854" status="PASS">
          <reporter-output>
          </reporter-output>
        </test-method> <!-- initialize -->
        <test-method signature="test_adminpage()[pri:1, instance:test.admintest@59402b8f]" started-at="2021-08-31T11:50:49 IST" name="test_adminpage" finished-at="2021-08-31T11:50:54 IST" duration-ms="4253" status="PASS">
          <reporter-output>
            <line>
              <![CDATA[<a target="_blank" href="C:\Users\Codet\eclipse-workspace\BrontoDoctor\screenshots\screenshot3.png">Screenshot3</a>]]>
            </line>
            <line>
              <![CDATA[<img src="C:\Users\Codet\eclipse-workspace\BrontoDoctor\screenshots\screenshot3.png"/>]]>
            </line>
          </reporter-output>
        </test-method> <!-- test_adminpage -->
        <test-method signature="test_admindashboard()[pri:2, instance:test.admintest@59402b8f]" started-at="2021-08-31T11:51:04 IST" name="test_admindashboard" finished-at="2021-08-31T11:51:05 IST" duration-ms="324" status="PASS">
          <reporter-output>
            <line>
              <![CDATA[<a target="_blank" href="C:\Users\Codet\eclipse-workspace\BrontoDoctor\screenshots\screenshot4.png">Screenshot4</a>]]>
            </line>
            <line>
              <![CDATA[<img src="C:\Users\Codet\eclipse-workspace\BrontoDoctor\screenshots\screenshot4.png"/>]]>
            </line>
          </reporter-output>
        </test-method> <!-- test_admindashboard -->
        <test-method signature="test_adminsupport()[pri:3, instance:test.admintest@59402b8f]" started-at="2021-08-31T11:51:06 IST" name="test_adminsupport" finished-at="2021-08-31T11:51:07 IST" duration-ms="907" status="PASS">
          <reporter-output>
            <line>
              <![CDATA[<a target="_blank" href="C:\Users\Codet\eclipse-workspace\BrontoDoctor\screenshots\screenshot5.png">Screenshot5</a>]]>
            </line>
            <line>
              <![CDATA[<img src="C:\Users\Codet\eclipse-workspace\BrontoDoctor\screenshots\screenshot5.png"/>]]>
            </line>
          </reporter-output>
        </test-method> <!-- test_adminsupport -->
        <test-method is-config="true" signature="TeardownTest()[pri:0, instance:test.admintest@59402b8f]" started-at="2021-08-31T11:51:07 IST" name="TeardownTest" finished-at="2021-08-31T11:51:07 IST" duration-ms="394" status="PASS">
          <reporter-output>
          </reporter-output>
        </test-method> <!-- TeardownTest -->
      </class> <!-- test.admintest -->
      <class name="test.supporttest">
        <test-method is-config="true" signature="initialize()[pri:0, instance:test.supporttest@7c37508a]" started-at="2021-08-31T11:50:54 IST" name="initialize" finished-at="2021-08-31T11:50:55 IST" duration-ms="1030" status="PASS">
          <reporter-output>
          </reporter-output>
        </test-method> <!-- initialize -->
        <test-method signature="test_supportpage()[pri:1, instance:test.supporttest@7c37508a]" started-at="2021-08-31T11:50:55 IST" name="test_supportpage" finished-at="2021-08-31T11:51:03 IST" duration-ms="8741" status="PASS">
          <reporter-output>
            <line>
              <![CDATA[<a target="_blank" href="C:\Users\Codet\eclipse-workspace\BrontoDoctor\screenshots\screenshot6.png">Screenshot6</a>]]>
            </line>
            <line>
              <![CDATA[<img src="C:\Users\Codet\eclipse-workspace\BrontoDoctor\screenshots\screenshot6.png"/>]]>
            </line>
          </reporter-output>
        </test-method> <!-- test_supportpage -->
        <test-method signature="test_TicketInformation()[pri:2, instance:test.supporttest@7c37508a]" started-at="2021-08-31T11:51:03 IST" name="test_TicketInformation" finished-at="2021-08-31T11:51:04 IST" duration-ms="1035" status="PASS">
          <reporter-output>
            <line>
              <![CDATA[<a target="_blank" href="C:\Users\Codet\eclipse-workspace\BrontoDoctor\screenshots\screenshot7.png">Screenshot7</a>]]>
            </line>
            <line>
              <![CDATA[<img src="C:\Users\Codet\eclipse-workspace\BrontoDoctor\screenshots\screenshot7.png"/>]]>
            </line>
          </reporter-output>
        </test-method> <!-- test_TicketInformation -->
        <test-method signature="test_Doctorprofieviewing()[pri:3, instance:test.supporttest@7c37508a]" started-at="2021-08-31T11:51:05 IST" name="test_Doctorprofieviewing" finished-at="2021-08-31T11:51:05 IST" duration-ms="516" status="PASS">
          <reporter-output>
            <line>
              <![CDATA[<a target="_blank" href="C:\Users\Codet\eclipse-workspace\BrontoDoctor\screenshots\screenshot8.png">Screenshot8</a>]]>
            </line>
            <line>
              <![CDATA[<img src="C:\Users\Codet\eclipse-workspace\BrontoDoctor\screenshots\screenshot8.png"/>]]>
            </line>
          </reporter-output>
        </test-method> <!-- test_Doctorprofieviewing -->
        <test-method is-config="true" signature="TeardownTest()[pri:0, instance:test.supporttest@7c37508a]" started-at="2021-08-31T11:51:05 IST" name="TeardownTest" finished-at="2021-08-31T11:51:06 IST" duration-ms="616" status="PASS">
          <reporter-output>
          </reporter-output>
        </test-method> <!-- TeardownTest -->
      </class> <!-- test.supporttest -->
    </test> <!-- Test -->
  </suite> <!-- Suite -->
</testng-results>
